<?xml version="1.0" encoding="UTF-8"?>
<testsuite name="Search to product in mercadolibre" tests="1" skipped="0" failures="0" errors="0" timestamp="2019-04-12T14:41:37" hostname="SBBOGLAPSEMIL13" time="30.262">
  <properties/>
  <testcase name="Free product shipping nationwide" classname="Search to product in mercadolibre" time="30.262"/>
  <system-out><![CDATA[


































]]></system-out>
  <system-err><![CDATA[abr 12, 2019 9:41:39 AM org.openqa.selenium.remote.DesiredCapabilities chrome
INFORMACIÓN: Using `new ChromeOptions()` is preferred to `DesiredCapabilities.chrome()`
Starting ChromeDriver 73.0.3683.68 (47787ec04b6e38e22703e856e101e840b65afe72) on port 3327
Only local connections are allowed.
Please protect ports used by ChromeDriver and related test frameworks to prevent access by malicious code.
abr 12, 2019 9:41:42 AM org.openqa.selenium.remote.ProtocolHandshake createSession
INFORMACIÓN: Detected dialect: OSS
]]></system-err>
</testsuite>
